<?xml version="1.0" encoding="UTF-8" ?>
<testsuite errors="0" failures="0" hostname="Leia" name="cz.muni.fi.pv168.clockcard.WorkerTest" tests="6" time="3.373" timestamp="2011-04-07T14:19:31">
  <properties>
[...]
</properties>
  <testcase classname="cz.muni.fi.pv168.clockcard.WorkerTest" name="testResetForgottenPassword" time="0.0030" />
  <testcase classname="cz.muni.fi.pv168.clockcard.WorkerTest" name="testAll" time="1.728" />
  <testcase classname="cz.muni.fi.pv168.clockcard.WorkerTest" name="testCount" time="0.402" />
  <testcase classname="cz.muni.fi.pv168.clockcard.WorkerTest" name="testFind" time="0.381" />
  <testcase classname="cz.muni.fi.pv168.clockcard.WorkerTest" name="testSave" time="0.375" />
  <testcase classname="cz.muni.fi.pv168.clockcard.WorkerTest" name="testDestroy" time="0.376" />
  <system-out><![CDATA[]]></system-out>
  <system-err><![CDATA[]]></system-err>
</testsuite>
